C:\USERS\LUISEDUARDO\DOCUMENTS\VISUAL STUDIO 2012\PROJECTS\COMPUTER GRAPHICS\EXAMENFINAL\DEBUG\VC110.PDB
C:\USERS\LUISEDUARDO\DOCUMENTS\VISUAL STUDIO 2012\PROJECTS\COMPUTER GRAPHICS\EXAMENFINAL\DEBUG\FINAL_DRIVER.OBJ
C:\USERS\LUISEDUARDO\DOCUMENTS\VISUAL STUDIO 2012\PROJECTS\COMPUTER GRAPHICS\EXAMENFINAL\DEBUG\BOX.OBJ
C:\USERS\LUISEDUARDO\DOCUMENTS\VISUAL STUDIO 2012\PROJECTS\COMPUTER GRAPHICS\EXAMENFINAL\DEBUG\SCENE_GRAPH.OBJ
C:\USERS\LUISEDUARDO\DOCUMENTS\VISUAL STUDIO 2012\PROJECTS\COMPUTER GRAPHICS\EXAMENFINAL\DEBUG\SCENE_NODE.OBJ
C:\USERS\LUISEDUARDO\DOCUMENTS\VISUAL STUDIO 2012\PROJECTS\COMPUTER GRAPHICS\EXAMENFINAL\DEBUG\ROOT.OBJ
C:\USERS\LUISEDUARDO\DOCUMENTS\VISUAL STUDIO 2012\PROJECTS\COMPUTER GRAPHICS\EXAMENFINAL\DEBUG\CILINDER.OBJ
C:\USERS\LUISEDUARDO\DOCUMENTS\VISUAL STUDIO 2012\PROJECTS\COMPUTER GRAPHICS\EXAMENFINAL\DEBUG\CONE.OBJ
C:\USERS\LUISEDUARDO\DOCUMENTS\VISUAL STUDIO 2012\PROJECTS\COMPUTER GRAPHICS\EXAMENFINAL\DEBUG\DODECAHEDRON.OBJ
C:\USERS\LUISEDUARDO\DOCUMENTS\VISUAL STUDIO 2012\PROJECTS\COMPUTER GRAPHICS\EXAMENFINAL\DEBUG\OCTAHEDRON.OBJ
C:\USERS\LUISEDUARDO\DOCUMENTS\VISUAL STUDIO 2012\PROJECTS\COMPUTER GRAPHICS\EXAMENFINAL\DEBUG\SPHERE.OBJ
C:\USERS\LUISEDUARDO\DOCUMENTS\VISUAL STUDIO 2012\PROJECTS\COMPUTER GRAPHICS\EXAMENFINAL\DEBUG\TORUS.OBJ
C:\USERS\LUISEDUARDO\DOCUMENTS\VISUAL STUDIO 2012\PROJECTS\COMPUTER GRAPHICS\DEBUG\EXAMENFINAL.ILK
C:\USERS\LUISEDUARDO\DOCUMENTS\VISUAL STUDIO 2012\PROJECTS\COMPUTER GRAPHICS\DEBUG\EXAMENFINAL.EXE
C:\USERS\LUISEDUARDO\DOCUMENTS\VISUAL STUDIO 2012\PROJECTS\COMPUTER GRAPHICS\DEBUG\EXAMENFINAL.PDB
C:\Users\LuisEduardo\documents\visual studio 2012\Projects\Computer Graphics\ExamenFinal\Debug\box.obj
C:\Users\LuisEduardo\documents\visual studio 2012\Projects\Computer Graphics\ExamenFinal\Debug\Cilinder.obj
C:\Users\LuisEduardo\documents\visual studio 2012\Projects\Computer Graphics\ExamenFinal\Debug\Cone.obj
C:\Users\LuisEduardo\documents\visual studio 2012\Projects\Computer Graphics\ExamenFinal\Debug\Dodecahedron.obj
C:\Users\LuisEduardo\documents\visual studio 2012\Projects\Computer Graphics\ExamenFinal\Debug\final_driver.obj
C:\Users\LuisEduardo\documents\visual studio 2012\Projects\Computer Graphics\ExamenFinal\Debug\Octahedron.obj
C:\Users\LuisEduardo\documents\visual studio 2012\Projects\Computer Graphics\ExamenFinal\Debug\Root.obj
C:\Users\LuisEduardo\documents\visual studio 2012\Projects\Computer Graphics\ExamenFinal\Debug\scene_graph.obj
C:\Users\LuisEduardo\documents\visual studio 2012\Projects\Computer Graphics\ExamenFinal\Debug\scene_node.obj
C:\Users\LuisEduardo\documents\visual studio 2012\Projects\Computer Graphics\ExamenFinal\Debug\sphere.obj
C:\Users\LuisEduardo\documents\visual studio 2012\Projects\Computer Graphics\ExamenFinal\Debug\Torus.obj
C:\Users\LuisEduardo\documents\visual studio 2012\Projects\Computer Graphics\ExamenFinal\Debug\cl.command.1.tlog
C:\Users\LuisEduardo\documents\visual studio 2012\Projects\Computer Graphics\ExamenFinal\Debug\CL.read.1.tlog
C:\Users\LuisEduardo\documents\visual studio 2012\Projects\Computer Graphics\ExamenFinal\Debug\CL.write.1.tlog
C:\Users\LuisEduardo\documents\visual studio 2012\Projects\Computer Graphics\ExamenFinal\Debug\link-cvtres.read.1.tlog
C:\Users\LuisEduardo\documents\visual studio 2012\Projects\Computer Graphics\ExamenFinal\Debug\link-cvtres.write.1.tlog
C:\Users\LuisEduardo\documents\visual studio 2012\Projects\Computer Graphics\ExamenFinal\Debug\link-rc.read.1.tlog
C:\Users\LuisEduardo\documents\visual studio 2012\Projects\Computer Graphics\ExamenFinal\Debug\link-rc.write.1.tlog
C:\Users\LuisEduardo\documents\visual studio 2012\Projects\Computer Graphics\ExamenFinal\Debug\link.1864-cvtres.read.1.tlog
C:\Users\LuisEduardo\documents\visual studio 2012\Projects\Computer Graphics\ExamenFinal\Debug\link.1864-cvtres.write.1.tlog
C:\Users\LuisEduardo\documents\visual studio 2012\Projects\Computer Graphics\ExamenFinal\Debug\link.1864-rc.read.1.tlog
C:\Users\LuisEduardo\documents\visual studio 2012\Projects\Computer Graphics\ExamenFinal\Debug\link.1864-rc.write.1.tlog
C:\Users\LuisEduardo\documents\visual studio 2012\Projects\Computer Graphics\ExamenFinal\Debug\link.1864.read.1.tlog
C:\Users\LuisEduardo\documents\visual studio 2012\Projects\Computer Graphics\ExamenFinal\Debug\link.1864.write.1.tlog
C:\Users\LuisEduardo\documents\visual studio 2012\Projects\Computer Graphics\ExamenFinal\Debug\link.2684-cvtres.read.1.tlog
C:\Users\LuisEduardo\documents\visual studio 2012\Projects\Computer Graphics\ExamenFinal\Debug\link.2684-cvtres.write.1.tlog
C:\Users\LuisEduardo\documents\visual studio 2012\Projects\Computer Graphics\ExamenFinal\Debug\link.2684-rc.read.1.tlog
C:\Users\LuisEduardo\documents\visual studio 2012\Projects\Computer Graphics\ExamenFinal\Debug\link.2684-rc.write.1.tlog
C:\Users\LuisEduardo\documents\visual studio 2012\Projects\Computer Graphics\ExamenFinal\Debug\link.2684.read.1.tlog
C:\Users\LuisEduardo\documents\visual studio 2012\Projects\Computer Graphics\ExamenFinal\Debug\link.2684.write.1.tlog
C:\Users\LuisEduardo\documents\visual studio 2012\Projects\Computer Graphics\ExamenFinal\Debug\link.4012-cvtres.read.1.tlog
C:\Users\LuisEduardo\documents\visual studio 2012\Projects\Computer Graphics\ExamenFinal\Debug\link.4012-cvtres.write.1.tlog
C:\Users\LuisEduardo\documents\visual studio 2012\Projects\Computer Graphics\ExamenFinal\Debug\link.4012-rc.read.1.tlog
C:\Users\LuisEduardo\documents\visual studio 2012\Projects\Computer Graphics\ExamenFinal\Debug\link.4012-rc.write.1.tlog
C:\Users\LuisEduardo\documents\visual studio 2012\Projects\Computer Graphics\ExamenFinal\Debug\link.4012.read.1.tlog
C:\Users\LuisEduardo\documents\visual studio 2012\Projects\Computer Graphics\ExamenFinal\Debug\link.4012.write.1.tlog
C:\Users\LuisEduardo\documents\visual studio 2012\Projects\Computer Graphics\ExamenFinal\Debug\link.4168-cvtres.read.1.tlog
C:\Users\LuisEduardo\documents\visual studio 2012\Projects\Computer Graphics\ExamenFinal\Debug\link.4168-cvtres.write.1.tlog
C:\Users\LuisEduardo\documents\visual studio 2012\Projects\Computer Graphics\ExamenFinal\Debug\link.4168-rc.read.1.tlog
C:\Users\LuisEduardo\documents\visual studio 2012\Projects\Computer Graphics\ExamenFinal\Debug\link.4168-rc.write.1.tlog
C:\Users\LuisEduardo\documents\visual studio 2012\Projects\Computer Graphics\ExamenFinal\Debug\link.4168.read.1.tlog
C:\Users\LuisEduardo\documents\visual studio 2012\Projects\Computer Graphics\ExamenFinal\Debug\link.4168.write.1.tlog
C:\Users\LuisEduardo\documents\visual studio 2012\Projects\Computer Graphics\ExamenFinal\Debug\link.7544-cvtres.read.1.tlog
C:\Users\LuisEduardo\documents\visual studio 2012\Projects\Computer Graphics\ExamenFinal\Debug\link.7544-cvtres.write.1.tlog
C:\Users\LuisEduardo\documents\visual studio 2012\Projects\Computer Graphics\ExamenFinal\Debug\link.7544-rc.read.1.tlog
C:\Users\LuisEduardo\documents\visual studio 2012\Projects\Computer Graphics\ExamenFinal\Debug\link.7544-rc.write.1.tlog
C:\Users\LuisEduardo\documents\visual studio 2012\Projects\Computer Graphics\ExamenFinal\Debug\link.7544.read.1.tlog
C:\Users\LuisEduardo\documents\visual studio 2012\Projects\Computer Graphics\ExamenFinal\Debug\link.7544.write.1.tlog
C:\Users\LuisEduardo\documents\visual studio 2012\Projects\Computer Graphics\ExamenFinal\Debug\link.8040-cvtres.read.1.tlog
C:\Users\LuisEduardo\documents\visual studio 2012\Projects\Computer Graphics\ExamenFinal\Debug\link.8040-cvtres.write.1.tlog
C:\Users\LuisEduardo\documents\visual studio 2012\Projects\Computer Graphics\ExamenFinal\Debug\link.8040-rc.read.1.tlog
C:\Users\LuisEduardo\documents\visual studio 2012\Projects\Computer Graphics\ExamenFinal\Debug\link.8040-rc.write.1.tlog
C:\Users\LuisEduardo\documents\visual studio 2012\Projects\Computer Graphics\ExamenFinal\Debug\link.8040.read.1.tlog
C:\Users\LuisEduardo\documents\visual studio 2012\Projects\Computer Graphics\ExamenFinal\Debug\link.8040.write.1.tlog
C:\Users\LuisEduardo\documents\visual studio 2012\Projects\Computer Graphics\ExamenFinal\Debug\link.8204-cvtres.read.1.tlog
C:\Users\LuisEduardo\documents\visual studio 2012\Projects\Computer Graphics\ExamenFinal\Debug\link.8204-cvtres.write.1.tlog
C:\Users\LuisEduardo\documents\visual studio 2012\Projects\Computer Graphics\ExamenFinal\Debug\link.8204-rc.read.1.tlog
C:\Users\LuisEduardo\documents\visual studio 2012\Projects\Computer Graphics\ExamenFinal\Debug\link.8204-rc.write.1.tlog
C:\Users\LuisEduardo\documents\visual studio 2012\Projects\Computer Graphics\ExamenFinal\Debug\link.8204.read.1.tlog
C:\Users\LuisEduardo\documents\visual studio 2012\Projects\Computer Graphics\ExamenFinal\Debug\link.8204.write.1.tlog
C:\Users\LuisEduardo\documents\visual studio 2012\Projects\Computer Graphics\ExamenFinal\Debug\link.8620-cvtres.read.1.tlog
C:\Users\LuisEduardo\documents\visual studio 2012\Projects\Computer Graphics\ExamenFinal\Debug\link.8620-cvtres.write.1.tlog
C:\Users\LuisEduardo\documents\visual studio 2012\Projects\Computer Graphics\ExamenFinal\Debug\link.8620-rc.read.1.tlog
C:\Users\LuisEduardo\documents\visual studio 2012\Projects\Computer Graphics\ExamenFinal\Debug\link.8620-rc.write.1.tlog
C:\Users\LuisEduardo\documents\visual studio 2012\Projects\Computer Graphics\ExamenFinal\Debug\link.8620.read.1.tlog
C:\Users\LuisEduardo\documents\visual studio 2012\Projects\Computer Graphics\ExamenFinal\Debug\link.8620.write.1.tlog
C:\Users\LuisEduardo\documents\visual studio 2012\Projects\Computer Graphics\ExamenFinal\Debug\link.8648-cvtres.read.1.tlog
C:\Users\LuisEduardo\documents\visual studio 2012\Projects\Computer Graphics\ExamenFinal\Debug\link.8648-cvtres.write.1.tlog
C:\Users\LuisEduardo\documents\visual studio 2012\Projects\Computer Graphics\ExamenFinal\Debug\link.8648-rc.read.1.tlog
C:\Users\LuisEduardo\documents\visual studio 2012\Projects\Computer Graphics\ExamenFinal\Debug\link.8648-rc.write.1.tlog
C:\Users\LuisEduardo\documents\visual studio 2012\Projects\Computer Graphics\ExamenFinal\Debug\link.8648.read.1.tlog
C:\Users\LuisEduardo\documents\visual studio 2012\Projects\Computer Graphics\ExamenFinal\Debug\link.8648.write.1.tlog
C:\Users\LuisEduardo\documents\visual studio 2012\Projects\Computer Graphics\ExamenFinal\Debug\link.command.1.tlog
C:\Users\LuisEduardo\documents\visual studio 2012\Projects\Computer Graphics\ExamenFinal\Debug\link.read.1.tlog
C:\Users\LuisEduardo\documents\visual studio 2012\Projects\Computer Graphics\ExamenFinal\Debug\link.write.1.tlog
C:\Users\LuisEduardo\documents\visual studio 2012\Projects\Computer Graphics\ExamenFinal\Debug\vc110.idb
C:\Users\LuisEduardo\documents\visual studio 2012\Projects\Computer Graphics\ExamenFinal\Debug\vc110.pdb
C:\Users\LuisEduardo\documents\visual studio 2012\Projects\Computer Graphics\Debug\ExamenFinal.pdb
C:\Users\LuisEduardo\documents\visual studio 2012\Projects\Computer Graphics\Debug\ExamenFinal.exe
C:\Users\LuisEduardo\documents\visual studio 2012\Projects\Computer Graphics\Debug\ExamenFinal.ilk
