C:\USERS\LUISEDUARDO\DOCUMENTS\VISUAL STUDIO 2012\PROJECTS\COMPUTER GRAPHICS\TEXTURES\DEBUG\IMAGE_HELPER.OBJ
C:\USERS\LUISEDUARDO\DOCUMENTS\VISUAL STUDIO 2012\PROJECTS\COMPUTER GRAPHICS\TEXTURES\DEBUG\IMAGE_DXT.OBJ
C:\USERS\LUISEDUARDO\DOCUMENTS\VISUAL STUDIO 2012\PROJECTS\COMPUTER GRAPHICS\TEXTURES\DEBUG\SOIL.OBJ
C:\USERS\LUISEDUARDO\DOCUMENTS\VISUAL STUDIO 2012\PROJECTS\COMPUTER GRAPHICS\TEXTURES\DEBUG\STB_IMAGE_AUG.OBJ
C:\USERS\LUISEDUARDO\DOCUMENTS\VISUAL STUDIO 2012\PROJECTS\COMPUTER GRAPHICS\TEXTURES\DEBUG\VC110.PDB
C:\USERS\LUISEDUARDO\DOCUMENTS\VISUAL STUDIO 2012\PROJECTS\COMPUTER GRAPHICS\TEXTURES\DEBUG\TEXTURE_EXAMPLE_DRIVER.OBJ
C:\USERS\LUISEDUARDO\DOCUMENTS\VISUAL STUDIO 2012\PROJECTS\COMPUTER GRAPHICS\DEBUG\TEXTURES.ILK
C:\USERS\LUISEDUARDO\DOCUMENTS\VISUAL STUDIO 2012\PROJECTS\COMPUTER GRAPHICS\DEBUG\TEXTURES.EXE
C:\USERS\LUISEDUARDO\DOCUMENTS\VISUAL STUDIO 2012\PROJECTS\COMPUTER GRAPHICS\DEBUG\TEXTURES.PDB
C:\Users\LuisEduardo\documents\visual studio 2012\Projects\Computer Graphics\Textures\Debug\Textures.vcxprojResolveAssemblyReference.cache
C:\Users\LuisEduardo\documents\visual studio 2012\Projects\Computer Graphics\Textures\Debug\image_DXT.obj
C:\Users\LuisEduardo\documents\visual studio 2012\Projects\Computer Graphics\Textures\Debug\image_helper.obj
C:\Users\LuisEduardo\documents\visual studio 2012\Projects\Computer Graphics\Textures\Debug\SOIL.obj
C:\Users\LuisEduardo\documents\visual studio 2012\Projects\Computer Graphics\Textures\Debug\stb_image_aug.obj
C:\Users\LuisEduardo\documents\visual studio 2012\Projects\Computer Graphics\Textures\Debug\texture_example_driver.obj
C:\Users\LuisEduardo\documents\visual studio 2012\Projects\Computer Graphics\Textures\Debug\cl.command.1.tlog
C:\Users\LuisEduardo\documents\visual studio 2012\Projects\Computer Graphics\Textures\Debug\CL.read.1.tlog
C:\Users\LuisEduardo\documents\visual studio 2012\Projects\Computer Graphics\Textures\Debug\CL.write.1.tlog
C:\Users\LuisEduardo\documents\visual studio 2012\Projects\Computer Graphics\Textures\Debug\link-cvtres.read.1.tlog
C:\Users\LuisEduardo\documents\visual studio 2012\Projects\Computer Graphics\Textures\Debug\link-cvtres.write.1.tlog
C:\Users\LuisEduardo\documents\visual studio 2012\Projects\Computer Graphics\Textures\Debug\link-rc.read.1.tlog
C:\Users\LuisEduardo\documents\visual studio 2012\Projects\Computer Graphics\Textures\Debug\link-rc.write.1.tlog
C:\Users\LuisEduardo\documents\visual studio 2012\Projects\Computer Graphics\Textures\Debug\link.1704-cvtres.read.1.tlog
C:\Users\LuisEduardo\documents\visual studio 2012\Projects\Computer Graphics\Textures\Debug\link.1704-cvtres.write.1.tlog
C:\Users\LuisEduardo\documents\visual studio 2012\Projects\Computer Graphics\Textures\Debug\link.1704-rc.read.1.tlog
C:\Users\LuisEduardo\documents\visual studio 2012\Projects\Computer Graphics\Textures\Debug\link.1704-rc.write.1.tlog
C:\Users\LuisEduardo\documents\visual studio 2012\Projects\Computer Graphics\Textures\Debug\link.1704.read.1.tlog
C:\Users\LuisEduardo\documents\visual studio 2012\Projects\Computer Graphics\Textures\Debug\link.1704.write.1.tlog
C:\Users\LuisEduardo\documents\visual studio 2012\Projects\Computer Graphics\Textures\Debug\link.command.1.tlog
C:\Users\LuisEduardo\documents\visual studio 2012\Projects\Computer Graphics\Textures\Debug\link.read.1.tlog
C:\Users\LuisEduardo\documents\visual studio 2012\Projects\Computer Graphics\Textures\Debug\link.write.1.tlog
C:\Users\LuisEduardo\documents\visual studio 2012\Projects\Computer Graphics\Textures\Debug\vc110.idb
C:\Users\LuisEduardo\documents\visual studio 2012\Projects\Computer Graphics\Textures\Debug\vc110.pdb
C:\Users\LuisEduardo\documents\visual studio 2012\Projects\Computer Graphics\Debug\Textures.pdb
C:\Users\LuisEduardo\documents\visual studio 2012\Projects\Computer Graphics\Debug\Textures.exe
C:\Users\LuisEduardo\documents\visual studio 2012\Projects\Computer Graphics\Debug\Textures.ilk
