C:\USERS\LUISEDUARDO\DOCUMENTS\VISUAL STUDIO 2012\PROJECTS\COMPUTER GRAPHICS\EXAMEN2\DEBUG\BOX.OBJ
C:\USERS\LUISEDUARDO\DOCUMENTS\VISUAL STUDIO 2012\PROJECTS\COMPUTER GRAPHICS\EXAMEN2\DEBUG\CILINDER.OBJ
C:\USERS\LUISEDUARDO\DOCUMENTS\VISUAL STUDIO 2012\PROJECTS\COMPUTER GRAPHICS\EXAMEN2\DEBUG\CONE.OBJ
C:\USERS\LUISEDUARDO\DOCUMENTS\VISUAL STUDIO 2012\PROJECTS\COMPUTER GRAPHICS\EXAMEN2\DEBUG\DODECAHEDRON.OBJ
C:\USERS\LUISEDUARDO\DOCUMENTS\VISUAL STUDIO 2012\PROJECTS\COMPUTER GRAPHICS\EXAMEN2\DEBUG\EXAMEN2_DRIVER.OBJ
C:\USERS\LUISEDUARDO\DOCUMENTS\VISUAL STUDIO 2012\PROJECTS\COMPUTER GRAPHICS\EXAMEN2\DEBUG\OCTAHEDRON.OBJ
C:\USERS\LUISEDUARDO\DOCUMENTS\VISUAL STUDIO 2012\PROJECTS\COMPUTER GRAPHICS\EXAMEN2\DEBUG\ROOT.OBJ
C:\USERS\LUISEDUARDO\DOCUMENTS\VISUAL STUDIO 2012\PROJECTS\COMPUTER GRAPHICS\EXAMEN2\DEBUG\SCENE_GRAPH.OBJ
C:\USERS\LUISEDUARDO\DOCUMENTS\VISUAL STUDIO 2012\PROJECTS\COMPUTER GRAPHICS\EXAMEN2\DEBUG\SCENE_NODE.OBJ
C:\USERS\LUISEDUARDO\DOCUMENTS\VISUAL STUDIO 2012\PROJECTS\COMPUTER GRAPHICS\EXAMEN2\DEBUG\SPHERE.OBJ
C:\USERS\LUISEDUARDO\DOCUMENTS\VISUAL STUDIO 2012\PROJECTS\COMPUTER GRAPHICS\EXAMEN2\DEBUG\TORUS.OBJ
C:\USERS\LUISEDUARDO\DOCUMENTS\VISUAL STUDIO 2012\PROJECTS\COMPUTER GRAPHICS\EXAMEN2\DEBUG\VC110.PDB
C:\USERS\LUISEDUARDO\DOCUMENTS\VISUAL STUDIO 2012\PROJECTS\COMPUTER GRAPHICS\DEBUG\EXAMEN2.ILK
C:\USERS\LUISEDUARDO\DOCUMENTS\VISUAL STUDIO 2012\PROJECTS\COMPUTER GRAPHICS\DEBUG\EXAMEN2.EXE
C:\USERS\LUISEDUARDO\DOCUMENTS\VISUAL STUDIO 2012\PROJECTS\COMPUTER GRAPHICS\DEBUG\EXAMEN2.PDB
C:\Users\LuisEduardo\documents\visual studio 2012\Projects\Computer Graphics\Examen2\Debug\box.obj
C:\Users\LuisEduardo\documents\visual studio 2012\Projects\Computer Graphics\Examen2\Debug\Cilinder.obj
C:\Users\LuisEduardo\documents\visual studio 2012\Projects\Computer Graphics\Examen2\Debug\Cone.obj
C:\Users\LuisEduardo\documents\visual studio 2012\Projects\Computer Graphics\Examen2\Debug\Dodecahedron.obj
C:\Users\LuisEduardo\documents\visual studio 2012\Projects\Computer Graphics\Examen2\Debug\Examen2_driver.obj
C:\Users\LuisEduardo\documents\visual studio 2012\Projects\Computer Graphics\Examen2\Debug\Octahedron.obj
C:\Users\LuisEduardo\documents\visual studio 2012\Projects\Computer Graphics\Examen2\Debug\Root.obj
C:\Users\LuisEduardo\documents\visual studio 2012\Projects\Computer Graphics\Examen2\Debug\scene_graph.obj
C:\Users\LuisEduardo\documents\visual studio 2012\Projects\Computer Graphics\Examen2\Debug\scene_node.obj
C:\Users\LuisEduardo\documents\visual studio 2012\Projects\Computer Graphics\Examen2\Debug\sphere.obj
C:\Users\LuisEduardo\documents\visual studio 2012\Projects\Computer Graphics\Examen2\Debug\Torus.obj
C:\Users\LuisEduardo\documents\visual studio 2012\Projects\Computer Graphics\Examen2\Debug\cl.command.1.tlog
C:\Users\LuisEduardo\documents\visual studio 2012\Projects\Computer Graphics\Examen2\Debug\CL.read.1.tlog
C:\Users\LuisEduardo\documents\visual studio 2012\Projects\Computer Graphics\Examen2\Debug\CL.write.1.tlog
C:\Users\LuisEduardo\documents\visual studio 2012\Projects\Computer Graphics\Examen2\Debug\link-cvtres.read.1.tlog
C:\Users\LuisEduardo\documents\visual studio 2012\Projects\Computer Graphics\Examen2\Debug\link-cvtres.write.1.tlog
C:\Users\LuisEduardo\documents\visual studio 2012\Projects\Computer Graphics\Examen2\Debug\link-rc.read.1.tlog
C:\Users\LuisEduardo\documents\visual studio 2012\Projects\Computer Graphics\Examen2\Debug\link-rc.write.1.tlog
C:\Users\LuisEduardo\documents\visual studio 2012\Projects\Computer Graphics\Examen2\Debug\link.command.1.tlog
C:\Users\LuisEduardo\documents\visual studio 2012\Projects\Computer Graphics\Examen2\Debug\link.read.1.tlog
C:\Users\LuisEduardo\documents\visual studio 2012\Projects\Computer Graphics\Examen2\Debug\link.write.1.tlog
C:\Users\LuisEduardo\documents\visual studio 2012\Projects\Computer Graphics\Examen2\Debug\vc110.idb
C:\Users\LuisEduardo\documents\visual studio 2012\Projects\Computer Graphics\Examen2\Debug\vc110.pdb
C:\Users\LuisEduardo\documents\visual studio 2012\Projects\Computer Graphics\Debug\Examen2.pdb
C:\Users\LuisEduardo\documents\visual studio 2012\Projects\Computer Graphics\Debug\Examen2.exe
C:\Users\LuisEduardo\documents\visual studio 2012\Projects\Computer Graphics\Debug\Examen2.ilk
