C:\USERS\LUISEDUARDO\DOCUMENTS\VISUAL STUDIO 2012\PROJECTS\COMPUTER GRAPHICS\TEXTURES2\DEBUG\VC110.PDB
C:\USERS\LUISEDUARDO\DOCUMENTS\VISUAL STUDIO 2012\PROJECTS\COMPUTER GRAPHICS\TEXTURES2\DEBUG\TEXTURE_EXAMPLE_DRIVER.OBJ
C:\USERS\LUISEDUARDO\DOCUMENTS\VISUAL STUDIO 2012\PROJECTS\COMPUTER GRAPHICS\DEBUG\TEXTURES2.ILK
C:\USERS\LUISEDUARDO\DOCUMENTS\VISUAL STUDIO 2012\PROJECTS\COMPUTER GRAPHICS\DEBUG\TEXTURES2.EXE
C:\USERS\LUISEDUARDO\DOCUMENTS\VISUAL STUDIO 2012\PROJECTS\COMPUTER GRAPHICS\DEBUG\TEXTURES2.PDB
C:\Users\LuisEduardo\documents\visual studio 2012\Projects\Computer Graphics\Textures2\Debug\Textures2.vcxprojResolveAssemblyReference.cache
C:\Users\LuisEduardo\documents\visual studio 2012\Projects\Computer Graphics\Textures2\Debug\texture_example_driver.obj
C:\Users\LuisEduardo\documents\visual studio 2012\Projects\Computer Graphics\Textures2\Debug\cl.command.1.tlog
C:\Users\LuisEduardo\documents\visual studio 2012\Projects\Computer Graphics\Textures2\Debug\CL.read.1.tlog
C:\Users\LuisEduardo\documents\visual studio 2012\Projects\Computer Graphics\Textures2\Debug\CL.write.1.tlog
C:\Users\LuisEduardo\documents\visual studio 2012\Projects\Computer Graphics\Textures2\Debug\link-cvtres.read.1.tlog
C:\Users\LuisEduardo\documents\visual studio 2012\Projects\Computer Graphics\Textures2\Debug\link-cvtres.write.1.tlog
C:\Users\LuisEduardo\documents\visual studio 2012\Projects\Computer Graphics\Textures2\Debug\link-rc.read.1.tlog
C:\Users\LuisEduardo\documents\visual studio 2012\Projects\Computer Graphics\Textures2\Debug\link-rc.write.1.tlog
C:\Users\LuisEduardo\documents\visual studio 2012\Projects\Computer Graphics\Textures2\Debug\link.4016-cvtres.read.1.tlog
C:\Users\LuisEduardo\documents\visual studio 2012\Projects\Computer Graphics\Textures2\Debug\link.4016-cvtres.write.1.tlog
C:\Users\LuisEduardo\documents\visual studio 2012\Projects\Computer Graphics\Textures2\Debug\link.4016-rc.read.1.tlog
C:\Users\LuisEduardo\documents\visual studio 2012\Projects\Computer Graphics\Textures2\Debug\link.4016-rc.write.1.tlog
C:\Users\LuisEduardo\documents\visual studio 2012\Projects\Computer Graphics\Textures2\Debug\link.4016.read.1.tlog
C:\Users\LuisEduardo\documents\visual studio 2012\Projects\Computer Graphics\Textures2\Debug\link.4016.write.1.tlog
C:\Users\LuisEduardo\documents\visual studio 2012\Projects\Computer Graphics\Textures2\Debug\link.4484-cvtres.read.1.tlog
C:\Users\LuisEduardo\documents\visual studio 2012\Projects\Computer Graphics\Textures2\Debug\link.4484-cvtres.write.1.tlog
C:\Users\LuisEduardo\documents\visual studio 2012\Projects\Computer Graphics\Textures2\Debug\link.4484-rc.read.1.tlog
C:\Users\LuisEduardo\documents\visual studio 2012\Projects\Computer Graphics\Textures2\Debug\link.4484-rc.write.1.tlog
C:\Users\LuisEduardo\documents\visual studio 2012\Projects\Computer Graphics\Textures2\Debug\link.4484.read.1.tlog
C:\Users\LuisEduardo\documents\visual studio 2012\Projects\Computer Graphics\Textures2\Debug\link.4484.write.1.tlog
C:\Users\LuisEduardo\documents\visual studio 2012\Projects\Computer Graphics\Textures2\Debug\link.5472-cvtres.read.1.tlog
C:\Users\LuisEduardo\documents\visual studio 2012\Projects\Computer Graphics\Textures2\Debug\link.5472-cvtres.write.1.tlog
C:\Users\LuisEduardo\documents\visual studio 2012\Projects\Computer Graphics\Textures2\Debug\link.5472-rc.read.1.tlog
C:\Users\LuisEduardo\documents\visual studio 2012\Projects\Computer Graphics\Textures2\Debug\link.5472-rc.write.1.tlog
C:\Users\LuisEduardo\documents\visual studio 2012\Projects\Computer Graphics\Textures2\Debug\link.5472.read.1.tlog
C:\Users\LuisEduardo\documents\visual studio 2012\Projects\Computer Graphics\Textures2\Debug\link.5472.write.1.tlog
C:\Users\LuisEduardo\documents\visual studio 2012\Projects\Computer Graphics\Textures2\Debug\link.7856-cvtres.read.1.tlog
C:\Users\LuisEduardo\documents\visual studio 2012\Projects\Computer Graphics\Textures2\Debug\link.7856-cvtres.write.1.tlog
C:\Users\LuisEduardo\documents\visual studio 2012\Projects\Computer Graphics\Textures2\Debug\link.7856-rc.read.1.tlog
C:\Users\LuisEduardo\documents\visual studio 2012\Projects\Computer Graphics\Textures2\Debug\link.7856-rc.write.1.tlog
C:\Users\LuisEduardo\documents\visual studio 2012\Projects\Computer Graphics\Textures2\Debug\link.7856.read.1.tlog
C:\Users\LuisEduardo\documents\visual studio 2012\Projects\Computer Graphics\Textures2\Debug\link.7856.write.1.tlog
C:\Users\LuisEduardo\documents\visual studio 2012\Projects\Computer Graphics\Textures2\Debug\link.command.1.tlog
C:\Users\LuisEduardo\documents\visual studio 2012\Projects\Computer Graphics\Textures2\Debug\link.read.1.tlog
C:\Users\LuisEduardo\documents\visual studio 2012\Projects\Computer Graphics\Textures2\Debug\link.write.1.tlog
C:\Users\LuisEduardo\documents\visual studio 2012\Projects\Computer Graphics\Textures2\Debug\vc110.idb
C:\Users\LuisEduardo\documents\visual studio 2012\Projects\Computer Graphics\Textures2\Debug\vc110.pdb
C:\Users\LuisEduardo\documents\visual studio 2012\Projects\Computer Graphics\Debug\Textures2.pdb
C:\Users\LuisEduardo\documents\visual studio 2012\Projects\Computer Graphics\Debug\Textures2.exe
C:\Users\LuisEduardo\documents\visual studio 2012\Projects\Computer Graphics\Debug\Textures2.ilk
