C:\USERS\LUISEDUARDO\DOCUMENTS\VISUAL STUDIO 2012\PROJECTS\COMPUTER GRAPHICS\ILUMINACION\DEBUG\LIGHT_SIMPLE2_DRIVER.OBJ
C:\USERS\LUISEDUARDO\DOCUMENTS\VISUAL STUDIO 2012\PROJECTS\COMPUTER GRAPHICS\ILUMINACION\DEBUG\LIGHT_SIMPLE5_DRIVER.OBJ
C:\USERS\LUISEDUARDO\DOCUMENTS\VISUAL STUDIO 2012\PROJECTS\COMPUTER GRAPHICS\ILUMINACION\DEBUG\LIGHT_SIMPLE_DRIVER.OBJ
C:\USERS\LUISEDUARDO\DOCUMENTS\VISUAL STUDIO 2012\PROJECTS\COMPUTER GRAPHICS\ILUMINACION\DEBUG\VC110.PDB
C:\USERS\LUISEDUARDO\DOCUMENTS\VISUAL STUDIO 2012\PROJECTS\COMPUTER GRAPHICS\DEBUG\ILUMINACION.ILK
C:\USERS\LUISEDUARDO\DOCUMENTS\VISUAL STUDIO 2012\PROJECTS\COMPUTER GRAPHICS\DEBUG\ILUMINACION.EXE
C:\USERS\LUISEDUARDO\DOCUMENTS\VISUAL STUDIO 2012\PROJECTS\COMPUTER GRAPHICS\DEBUG\ILUMINACION.PDB
C:\Users\LuisEduardo\documents\visual studio 2012\Projects\Computer Graphics\Iluminacion\Debug\light_simple2_driver.obj
C:\Users\LuisEduardo\documents\visual studio 2012\Projects\Computer Graphics\Iluminacion\Debug\light_simple5_driver.obj
C:\Users\LuisEduardo\documents\visual studio 2012\Projects\Computer Graphics\Iluminacion\Debug\light_simple_driver.obj
C:\Users\LuisEduardo\documents\visual studio 2012\Projects\Computer Graphics\Iluminacion\Debug\cl.command.1.tlog
C:\Users\LuisEduardo\documents\visual studio 2012\Projects\Computer Graphics\Iluminacion\Debug\CL.read.1.tlog
C:\Users\LuisEduardo\documents\visual studio 2012\Projects\Computer Graphics\Iluminacion\Debug\CL.write.1.tlog
C:\Users\LuisEduardo\documents\visual studio 2012\Projects\Computer Graphics\Iluminacion\Debug\link-cvtres.read.1.tlog
C:\Users\LuisEduardo\documents\visual studio 2012\Projects\Computer Graphics\Iluminacion\Debug\link-cvtres.write.1.tlog
C:\Users\LuisEduardo\documents\visual studio 2012\Projects\Computer Graphics\Iluminacion\Debug\link-rc.read.1.tlog
C:\Users\LuisEduardo\documents\visual studio 2012\Projects\Computer Graphics\Iluminacion\Debug\link-rc.write.1.tlog
C:\Users\LuisEduardo\documents\visual studio 2012\Projects\Computer Graphics\Iluminacion\Debug\link.500-cvtres.read.1.tlog
C:\Users\LuisEduardo\documents\visual studio 2012\Projects\Computer Graphics\Iluminacion\Debug\link.500-cvtres.write.1.tlog
C:\Users\LuisEduardo\documents\visual studio 2012\Projects\Computer Graphics\Iluminacion\Debug\link.500-rc.read.1.tlog
C:\Users\LuisEduardo\documents\visual studio 2012\Projects\Computer Graphics\Iluminacion\Debug\link.500-rc.write.1.tlog
C:\Users\LuisEduardo\documents\visual studio 2012\Projects\Computer Graphics\Iluminacion\Debug\link.500.read.1.tlog
C:\Users\LuisEduardo\documents\visual studio 2012\Projects\Computer Graphics\Iluminacion\Debug\link.500.write.1.tlog
C:\Users\LuisEduardo\documents\visual studio 2012\Projects\Computer Graphics\Iluminacion\Debug\link.5588-cvtres.read.1.tlog
C:\Users\LuisEduardo\documents\visual studio 2012\Projects\Computer Graphics\Iluminacion\Debug\link.5588-cvtres.write.1.tlog
C:\Users\LuisEduardo\documents\visual studio 2012\Projects\Computer Graphics\Iluminacion\Debug\link.5588-rc.read.1.tlog
C:\Users\LuisEduardo\documents\visual studio 2012\Projects\Computer Graphics\Iluminacion\Debug\link.5588-rc.write.1.tlog
C:\Users\LuisEduardo\documents\visual studio 2012\Projects\Computer Graphics\Iluminacion\Debug\link.5588.read.1.tlog
C:\Users\LuisEduardo\documents\visual studio 2012\Projects\Computer Graphics\Iluminacion\Debug\link.5588.write.1.tlog
C:\Users\LuisEduardo\documents\visual studio 2012\Projects\Computer Graphics\Iluminacion\Debug\link.command.1.tlog
C:\Users\LuisEduardo\documents\visual studio 2012\Projects\Computer Graphics\Iluminacion\Debug\link.read.1.tlog
C:\Users\LuisEduardo\documents\visual studio 2012\Projects\Computer Graphics\Iluminacion\Debug\link.write.1.tlog
C:\Users\LuisEduardo\documents\visual studio 2012\Projects\Computer Graphics\Iluminacion\Debug\vc110.idb
C:\Users\LuisEduardo\documents\visual studio 2012\Projects\Computer Graphics\Iluminacion\Debug\vc110.pdb
C:\Users\LuisEduardo\documents\visual studio 2012\Projects\Computer Graphics\Debug\Iluminacion.pdb
C:\Users\LuisEduardo\documents\visual studio 2012\Projects\Computer Graphics\Debug\Iluminacion.exe
C:\Users\LuisEduardo\documents\visual studio 2012\Projects\Computer Graphics\Debug\Iluminacion.ilk
